<?xml version="1.0" encoding="UTF-8"?>
<!-- Generated by org.testng.reporters.JUnitReportReporter -->
<testsuite hostname="DESKTOP-BA2KINH" failures="0" tests="2" name="com.framework.testCases.TC_Login_01" time="6.919" errors="0" timestamp="21 Feb 2024 05:22:31 GMT">
  <testcase classname="com.framework.testCases.TC_Login_01" name="loginTest" time="3.354"/>
  <testcase classname="com.framework.testCases.TC_Login_01" name="loginTest" time="3.565"/>
</testsuite> <!-- com.framework.testCases.TC_Login_01 -->
