<?xml version="1.0" encoding="UTF-8"?>
<!-- Generated by org.testng.reporters.JUnitReportReporter -->
<testsuite hostname="DESKTOP-BA2KINH" failures="0" tests="2" name="com.framework.testCases.TC_EzyThemes_03" time="34.210" errors="0" timestamp="21 Feb 2024 05:22:31 GMT">
  <testcase classname="com.framework.testCases.TC_EzyThemes_03" name="ezyThemes" time="17.635"/>
  <testcase classname="com.framework.testCases.TC_EzyThemes_03" name="ezyThemes" time="16.575"/>
</testsuite> <!-- com.framework.testCases.TC_EzyThemes_03 -->
